# JRE version: OpenJDK Runtime Environment (21.0.5) (build 21.0.5+-12932927-b750.29)
# Java VM: OpenJDK 64-Bit Server VM (21.0.5+-12932927-b750.29, mixed mode, tiered, compressed oops, compressed class ptrs, g1 gc, windows-amd64)
GC Precious Log:
 CardTable entry size: 512
 Card Set container configuration: InlinePtr #cards 5 size 8 Array Of Cards #cards 12 size 40 Howl #buckets 4 coarsen threshold 1843 Howl Bitmap #cards 512 size 80 coarsen threshold 460 Card regions per heap region 1 cards per card region 2048
 CPUs: 8 total, 8 available
 Memory: 3892M
 Large Page Support: Disabled
 NUMA Support: Disabled
 Compressed Oops: Enabled (32-bit)
 Heap Region Size: 1M
 Heap Min Capacity: 8M
 Heap Initial Capacity: 62M
 Heap Max Capacity: 2G
 Pre-touch: Disabled
 Parallel Workers: 8
 Concurrent Workers: 2
 Concurrent Refinement Workers: 8
 Periodic GC: Disabled
Heap:
 garbage-first heap   total 306176K, used 162922K [0x0000000080000000, 0x0000000100000000)
  region size 1024K, 4 young (4096K), 4 survivors (4096K)
 Metaspace       used 117379K, committed 121920K, reserved 1179648K
  class space    used 15433K, committed 17152K, reserved 1048576K
GC Heap History (20 events):
Event: 42.871 GC heap after
{Heap after GC invocations=59 (full 0):
 garbage-first heap   total 254976K, used 143508K [0x0000000080000000, 0x0000000100000000)
  region size 1024K, 8 young (8192K), 8 survivors (8192K)
 Metaspace       used 116113K, committed 118272K, reserved 1179648K
  class space    used 15678K, committed 16768K, reserved 1048576K
}
Event: 784.741 GC heap before
{Heap before GC invocations=59 (full 0):
 garbage-first heap   total 254976K, used 224404K [0x0000000080000000, 0x0000000100000000)
  region size 1024K, 88 young (90112K), 8 survivors (8192K)
 Metaspace       used 118485K, committed 120768K, reserved 1179648K
  class space    used 16000K, committed 17152K, reserved 1048576K
}
Event: 785.216 GC heap after
{Heap after GC invocations=60 (full 0):
 garbage-first heap   total 254976K, used 147439K [0x0000000080000000, 0x0000000100000000)
  region size 1024K, 6 young (6144K), 6 survivors (6144K)
 Metaspace       used 118485K, committed 120768K, reserved 1179648K
  class space    used 16000K, committed 17152K, reserved 1048576K
}
Event: 2517.138 GC heap before
{Heap before GC invocations=61 (full 0):
 garbage-first heap   total 254976K, used 181231K [0x0000000080000000, 0x0000000100000000)
  region size 1024K, 39 young (39936K), 6 survivors (6144K)
 Metaspace       used 118600K, committed 120832K, reserved 1179648K
  class space    used 16000K, committed 17152K, reserved 1048576K
}
Event: 2517.360 GC heap after
{Heap after GC invocations=62 (full 0):
 garbage-first heap   total 254976K, used 148296K [0x0000000080000000, 0x0000000100000000)
  region size 1024K, 1 young (1024K), 1 survivors (1024K)
 Metaspace       used 118600K, committed 120832K, reserved 1179648K
  class space    used 16000K, committed 17152K, reserved 1048576K
}
Event: 4137.959 GC heap before
{Heap before GC invocations=62 (full 0):
 garbage-first heap   total 254976K, used 234312K [0x0000000080000000, 0x0000000100000000)
  region size 1024K, 85 young (87040K), 1 survivors (1024K)
 Metaspace       used 118901K, committed 121152K, reserved 1179648K
  class space    used 16002K, committed 17152K, reserved 1048576K
}
Event: 4138.059 GC heap after
{Heap after GC invocations=63 (full 0):
 garbage-first heap   total 254976K, used 139474K [0x0000000080000000, 0x0000000100000000)
  region size 1024K, 4 young (4096K), 4 survivors (4096K)
 Metaspace       used 118901K, committed 121152K, reserved 1179648K
  class space    used 16002K, committed 17152K, reserved 1048576K
}
Event: 4142.439 GC heap before
{Heap before GC invocations=63 (full 0):
 garbage-first heap   total 254976K, used 172242K [0x0000000080000000, 0x0000000100000000)
  region size 1024K, 38 young (38912K), 4 survivors (4096K)
 Metaspace       used 119319K, committed 121536K, reserved 1179648K
  class space    used 16008K, committed 17152K, reserved 1048576K
}
Event: 4142.532 GC heap after
{Heap after GC invocations=64 (full 0):
 garbage-first heap   total 254976K, used 144938K [0x0000000080000000, 0x0000000100000000)
  region size 1024K, 10 young (10240K), 10 survivors (10240K)
 Metaspace       used 119319K, committed 121536K, reserved 1179648K
  class space    used 16008K, committed 17152K, reserved 1048576K
}
Event: 4143.200 GC heap before
{Heap before GC invocations=64 (full 0):
 garbage-first heap   total 254976K, used 170538K [0x0000000080000000, 0x0000000100000000)
  region size 1024K, 33 young (33792K), 10 survivors (10240K)
 Metaspace       used 119365K, committed 121600K, reserved 1179648K
  class space    used 16008K, committed 17152K, reserved 1048576K
}
Event: 4143.299 GC heap after
{Heap after GC invocations=65 (full 0):
 garbage-first heap   total 306176K, used 161638K [0x0000000080000000, 0x0000000100000000)
  region size 1024K, 5 young (5120K), 5 survivors (5120K)
 Metaspace       used 119365K, committed 121600K, reserved 1179648K
  class space    used 16008K, committed 17152K, reserved 1048576K
}
Event: 4145.263 GC heap before
{Heap before GC invocations=65 (full 0):
 garbage-first heap   total 306176K, used 167782K [0x0000000080000000, 0x0000000100000000)
  region size 1024K, 18 young (18432K), 5 survivors (5120K)
 Metaspace       used 116653K, committed 121600K, reserved 1179648K
  class space    used 15366K, committed 17152K, reserved 1048576K
}
Event: 4145.292 GC heap after
{Heap after GC invocations=66 (full 0):
 garbage-first heap   total 306176K, used 160768K [0x0000000080000000, 0x0000000100000000)
  region size 1024K, 3 young (3072K), 3 survivors (3072K)
 Metaspace       used 116653K, committed 121600K, reserved 1179648K
  class space    used 15366K, committed 17152K, reserved 1048576K
}
Event: 4146.153 GC heap before
{Heap before GC invocations=67 (full 0):
 garbage-first heap   total 306176K, used 186368K [0x0000000080000000, 0x0000000100000000)
  region size 1024K, 14 young (14336K), 3 survivors (3072K)
 Metaspace       used 116921K, committed 121792K, reserved 1179648K
  class space    used 15395K, committed 17152K, reserved 1048576K
}
Event: 4146.174 GC heap after
{Heap after GC invocations=68 (full 0):
 garbage-first heap   total 306176K, used 166105K [0x0000000080000000, 0x0000000100000000)
  region size 1024K, 2 young (2048K), 2 survivors (2048K)
 Metaspace       used 116921K, committed 121792K, reserved 1179648K
  class space    used 15395K, committed 17152K, reserved 1048576K
}
Event: 4301.121 GC heap before
{Heap before GC invocations=68 (full 0):
 garbage-first heap   total 306176K, used 216281K [0x0000000080000000, 0x0000000100000000)
  region size 1024K, 52 young (53248K), 2 survivors (2048K)
 Metaspace       used 117223K, committed 121856K, reserved 1179648K
  class space    used 15431K, committed 17152K, reserved 1048576K
}
Event: 4301.297 GC heap after
{Heap after GC invocations=69 (full 0):
 garbage-first heap   total 306176K, used 163901K [0x0000000080000000, 0x0000000100000000)
  region size 1024K, 5 young (5120K), 5 survivors (5120K)
 Metaspace       used 117223K, committed 121856K, reserved 1179648K
  class space    used 15431K, committed 17152K, reserved 1048576K
}
Event: 4302.711 GC heap before
{Heap before GC invocations=69 (full 0):
 garbage-first heap   total 306176K, used 179261K [0x0000000080000000, 0x0000000100000000)
  region size 1024K, 20 young (20480K), 5 survivors (5120K)
 Metaspace       used 117302K, committed 121856K, reserved 1179648K
  class space    used 15433K, committed 17152K, reserved 1048576K
}
Event: 4302.774 GC heap after
{Heap after GC invocations=70 (full 0):
 garbage-first heap   total 306176K, used 162816K [0x0000000080000000, 0x0000000100000000)
  region size 1024K, 3 young (3072K), 3 survivors (3072K)
 Metaspace       used 117302K, committed 121856K, reserved 1179648K
  class space    used 15433K, committed 17152K, reserved 1048576K
}
Event: 4303.918 GC heap before
{Heap before GC invocations=70 (full 0):
 garbage-first heap   total 306176K, used 188416K [0x0000000080000000, 0x0000000100000000)
  region size 1024K, 28 young (28672K), 3 survivors (3072K)
 Metaspace       used 117379K, committed 121920K, reserved 1179648K
  class space    used 15433K, committed 17152K, reserved 1048576K
}

